app/build/intermediates/manifest_merge_blame_file/debug/processDebugMainManifest/manifest-merger-blame-debug-report.txt
1<?xml version="1.0" encoding="utf-8"?>
2<manifest xmlns:android="http://schemas.android.com/apk/res/android"
3    package="com.example.timerapp"
4    android:versionCode="1"
5    android:versionName="1.0" >
6
7    <uses-sdk
8        android:minSdkVersion="23"
9        android:targetSdkVersion="33" />
10
11    <uses-permission android:name="android.permission.INTERNET" />
11-->src/main/AndroidManifest.xml:4:5-67
11-->src/main/AndroidManifest.xml:4:22-64
12
13    <application
13-->src/main/AndroidManifest.xml:6:5-20:19
14        android:appComponentFactory="androidx.core.app.CoreComponentFactory"
14-->[androidx.core:core:1.7.0] AndroidManifest.xml:24:18-86
15        android:debuggable="true"
16        android:extractNativeLibs="false"
17        android:label="Clockify Timer"
17-->src/main/AndroidManifest.xml:7:9-39
18        android:theme="@style/AppTheme" >
18-->src/main/AndroidManifest.xml:8:9-40
19        <activity
19-->src/main/AndroidManifest.xml:10:9-18:20
20            android:name="com.example.timerapp.MainActivity"
20-->src/main/AndroidManifest.xml:11:13-41
21            android:exported="true" > <!-- Add this line -->
21-->src/main/AndroidManifest.xml:12:13-36
22
23            <intent-filter>
23-->src/main/AndroidManifest.xml:14:13-17:29
24                <action android:name="android.intent.action.MAIN" />
24-->src/main/AndroidManifest.xml:15:17-69
24-->src/main/AndroidManifest.xml:15:25-66
25
26                <category android:name="android.intent.category.LAUNCHER" />
26-->src/main/AndroidManifest.xml:16:17-77
26-->src/main/AndroidManifest.xml:16:27-74
27            </intent-filter>
28        </activity>
29
30        <provider
30-->[androidx.emoji2:emoji2:1.0.0] AndroidManifest.xml:26:9-34:20
31            android:name="androidx.startup.InitializationProvider"
31-->[androidx.emoji2:emoji2:1.0.0] AndroidManifest.xml:27:13-67
32            android:authorities="com.example.timerapp.androidx-startup"
32-->[androidx.emoji2:emoji2:1.0.0] AndroidManifest.xml:28:13-68
33            android:exported="false" >
33-->[androidx.emoji2:emoji2:1.0.0] AndroidManifest.xml:29:13-37
34            <meta-data
34-->[androidx.emoji2:emoji2:1.0.0] AndroidManifest.xml:31:13-33:52
35                android:name="androidx.emoji2.text.EmojiCompatInitializer"
35-->[androidx.emoji2:emoji2:1.0.0] AndroidManifest.xml:32:17-75
36                android:value="androidx.startup" />
36-->[androidx.emoji2:emoji2:1.0.0] AndroidManifest.xml:33:17-49
37            <meta-data
37-->[androidx.lifecycle:lifecycle-process:2.4.0] AndroidManifest.xml:31:13-33:52
38                android:name="androidx.lifecycle.ProcessLifecycleInitializer"
38-->[androidx.lifecycle:lifecycle-process:2.4.0] AndroidManifest.xml:32:17-78
39                android:value="androidx.startup" />
39-->[androidx.lifecycle:lifecycle-process:2.4.0] AndroidManifest.xml:33:17-49
40        </provider>
41    </application>
42
43</manifest>